#
# A fatal error has been detected by the Java Runtime Environment:
#
#  SIGSEGV (0xb) at pc=0x0000000105e86498, pid=3250, tid=0x0000000000000307
#
# JRE version: Java(TM) SE Runtime Environment (8.0_101-b13) (build 1.8.0_101-b13)
# Java VM: Java HotSpot(TM) 64-Bit Server VM (25.101-b13 mixed mode bsd-amd64 compressed oops)
# Problematic frame:
# V  [libjvm.dylib+0x486498]
#
# Failed to write core dump. Core dumps have been disabled. To enable core dumping, try "ulimit -c unlimited" before starting Java again
#
# If you would like to submit a bug report, please visit:
#   http://bugreport.java.com/bugreport/crash.jsp
#

---------------  T H R E A D  ---------------

Current thread is native thread

siginfo: si_signo: 11 (SIGSEGV), si_code: 1 (SEGV_MAPERR), si_addr: 0x0000000000000128

Registers:
RAX=0x0000000000000000, RBX=0x00007fff5aabc820, RCX=0x00007fffc36d6408, RDX=0x00007fff5aabc820
RSP=0x00007fff5aabc350, RBP=0x00007fff5aabc380, RSI=0x00007fff5aabc7b8, RDI=0x0000000000000103
R8 =0x00007fff5aabc820, R9 =0x00000000ffffffff, R10=0x0000000000000c00, R11=0x0000000000000206
R12=0x0000000000000c00, R13=0x0000000000000000, R14=0x00007fff5aabc7b8, R15=0x0000000000000002
RIP=0x0000000105e86498, EFLAGS=0x0000000000010202, ERR=0x0000000000000004
  TRAPNO=0x000000000000000e

Top of Stack: (sp=0x00007fff5aabc350)
0x00007fff5aabc350:   0000000000000000 00007fff5aabc820
0x00007fff5aabc360:   0000000000000c00 0000000000000000
0x00007fff5aabc370:   00007fff5aabca50 0000000000000d03
0x00007fff5aabc380:   00007fff5aabc390 00007fffba9ccb3a
0x00007fff5aabc390:   00007fff5aabc920 0000000000019e00
0x00007fff5aabc3a0:   00019f00c0060978 00007fffc356c2d0
0x00007fff5aabc3b0:   0100001f00000085 00007fffa5030000
0x00007fff5aabc3c0:   0000000010004005 00000000ffffffff
0x00007fff5aabc3d0:   00007fff5aabc8d8 0000000000000000
0x00007fff5aabc3e0:   00007fff5aabca50 0000000007000806
0x00007fff5aabc3f0:   00007fff5aabc920 00007fff5aabc8d8
0x00007fff5aabc400:   0000000000000d03 00000000ffffffff
0x00007fff5aabc410:   0000000000000c00 0000000000000206
0x00007fff5aabc420:   0000000000000c00 0000000000000000
0x00007fff5aabc430:   00007fff5aabca50 0000000000000d03
0x00007fff5aabc440:   00007fffba8e434a 0000000000000206
0x00007fff5aabc450:   0000000000000007 0000000000000000
0x00007fff5aabc460:   0000000000000000 0000000000000000
0x00007fff5aabc470:   000000000000037f 0000000000000000
0x00007fff5aabc480:   0000000000000000 0000ffff00001fa0
0x00007fff5aabc490:   0000000000000000 000000000000ffff
0x00007fff5aabc4a0:   0000000000000100 000000000000ffff
0x00007fff5aabc4b0:   0000000000000000 0000000000000000
0x00007fff5aabc4c0:   0000000000000000 0000000000000000
0x00007fff5aabc4d0:   87bc000000000000 000000000000c00b
0x00007fff5aabc4e0:   0000000000000000 0000000000000000
0x00007fff5aabc4f0:   8000000000000000 0000000000004007
0x00007fff5aabc500:   c060000000000000 000000000000400a
0x00007fff5aabc510:   41c0555afa534153 0000000000000000
0x00007fff5aabc520:   3fe4d054ac29bf16 0000000000000000
0x00007fff5aabc530:   c3de3f892d0b2096 439c076d2f4df69d
0x00007fff5aabc540:   0000000000000000 0000000000000000 

Instructions: (pc=0x0000000105e86498)
0x0000000105e86478:   83 ec 08 48 89 d3 49 89 f6 e8 00 26 14 00 44 8b
0x0000000105e86488:   38 48 8d 05 20 cd 3a 00 48 63 38 e8 ca 28 14 00
0x0000000105e86498:   4c 8b a0 28 01 00 00 41 83 7c 24 34 01 0f 85 e2
0x0000000105e864a8:   00 00 00 49 89 5c 24 40 4d 89 74 24 38 49 8d 5c 

Register to memory mapping:

RAX=0x0000000000000000 is an unknown value
RBX=0x00007fff5aabc820 is an unknown value
RCX=0x00007fffc36d6408: _thread+0x48 in /usr/lib/system/libsystem_pthread.dylib at 0x00007fffba9d3000
RDX=0x00007fff5aabc820 is an unknown value
RSP=0x00007fff5aabc350 is an unknown value
RBP=0x00007fff5aabc380 is an unknown value
RSI=0x00007fff5aabc7b8 is an unknown value
RDI=0x0000000000000103 is an unknown value
R8 =0x00007fff5aabc820 is an unknown value
R9 =0x00000000ffffffff is an unknown value
R10=0x0000000000000c00 is an unknown value
R11=0x0000000000000206 is an unknown value
R12=0x0000000000000c00 is an unknown value
R13=0x0000000000000000 is an unknown value
R14=0x00007fff5aabc7b8 is an unknown value
R15=0x0000000000000002 is an unknown value


Stack: [0x00007fff5a2ee000,0x00007fff5aaee000],  sp=0x00007fff5aabc350,  free space=7992k
Native frames: (J=compiled Java code, j=interpreted, Vv=VM code, C=native code)
V  [libjvm.dylib+0x486498]
C  [libsystem_platform.dylib+0x2b3a]  _sigtramp+0x1a
C  0x0000000000019e00
C  [CoreFoundation+0x88434]  __CFRunLoopServiceMachPort+0xd4
C  [CoreFoundation+0x878c1]  __CFRunLoopRun+0x551
C  [CoreFoundation+0x87114]  CFRunLoopRunSpecific+0x1a4
C  [java+0x6465]  CreateExecutionEnvironment+0x367
C  [java+0x218c]  JLI_Launch+0x7a0
C  [java+0x84c2]  main+0x65
C  [java+0x19e4]  start+0x34


---------------  P R O C E S S  ---------------

VM state:at safepoint (normal execution)

VM Mutex/Monitor currently owned by a thread:  ([mutex/lock_event])
[0x00007fac43402190] Threads_lock - owner thread: 0x00007fac44816800
[0x00007fac43402690] Heap_lock - owner thread: 0x00007fac4480f000

Heap:
 PSYoungGen      total 465920K, used 232960K [0x0000000795580000, 0x00000007c0000000, 0x00000007c0000000)
  eden space 232960K, 100% used [0x0000000795580000,0x00000007a3900000,0x00000007a3900000)
  from space 232960K, 0% used [0x00000007b1c80000,0x00000007b1c80000,0x00000007c0000000)
  to   space 232960K, 0% used [0x00000007a3900000,0x00000007a3900000,0x00000007b1c80000)
 ParOldGen       total 1398272K, used 1398254K [0x0000000740000000, 0x0000000795580000, 0x0000000795580000)
  object space 1398272K, 99% used [0x0000000740000000,0x000000079557ba68,0x0000000795580000)
 Metaspace       used 4595K, capacity 5328K, committed 5632K, reserved 1056768K
  class space    used 436K, capacity 456K, committed 512K, reserved 1048576K

Card table byte_map: [0x0000000106dcd000,0x00000001071ce000] byte_map_base: 0x00000001033cd000

Marking Bits: (ParMarkBitMap*) 0x00000001062edd20
 Begin Bits: [0x0000000107479000, 0x0000000109479000)
 End Bits:   [0x0000000109479000, 0x000000010b479000)

Polling page: 0x00000001051f9000

CodeCache: size=245760Kb used=4738Kb max_used=4749Kb free=241021Kb
 bounds [0x000000010f626000, 0x000000010fad6000, 0x000000011e626000]
 total_blobs=1209 nmethods=936 adapters=187
 compilation: enabled

Compilation events (10 events):
Event: 13.525 Thread 0x00007fac44022800  936       3       org.apache.pdfbox.cos.COSDocument::setDecrypted (6 bytes)
Event: 13.525 Thread 0x00007fac44022800 nmethod 936 0x000000010fa94990 code [0x000000010fa94ae0, 0x000000010fa94c30]
Event: 13.526 Thread 0x00007fac44022800  944       1       org.apache.pdfbox.cos.COSInteger::floatValue (6 bytes)
Event: 13.526 Thread 0x00007fac44022800 nmethod 944 0x000000010fa72790 code [0x000000010fa728e0, 0x000000010fa729f0]
Event: 13.526 Thread 0x00007fac44022800  945       3       org.apache.pdfbox.pdmodel.PDResources::<init> (29 bytes)
Event: 13.526 Thread 0x00007fac44022800 nmethod 945 0x000000010fac9dd0 code [0x000000010fac9f60, 0x000000010faca248]
Event: 13.547 Thread 0x00007fac44020000  946       4       org.apache.pdfbox.cos.COSString::hashCode (24 bytes)
Event: 13.550 Thread 0x00007fac44020000 nmethod 946 0x000000010facd110 code [0x000000010facd260, 0x000000010facd418]
Event: 14.187 Thread 0x00007fac4401f800  947       4       java.lang.Long::numberOfTrailingZeros (116 bytes)
Event: 14.188 Thread 0x00007fac4401f800 nmethod 947 0x000000010facd510 code [0x000000010facd660, 0x000000010facd738]

GC Heap History (10 events):
Event: 18.487 GC heap after
Heap after GC invocations=35 (full 21):
 PSYoungGen      total 465920K, used 232959K [0x0000000795580000, 0x00000007c0000000, 0x00000007c0000000)
  eden space 232960K, 99% used [0x0000000795580000,0x00000007a38ffd20,0x00000007a3900000)
  from space 232960K, 0% used [0x00000007b1c80000,0x00000007b1c80000,0x00000007c0000000)
  to   space 232960K, 0% used [0x00000007a3900000,0x00000007a3900000,0x00000007b1c80000)
 ParOldGen       total 1398272K, used 1398140K [0x0000000740000000, 0x0000000795580000, 0x0000000795580000)
  object space 1398272K, 99% used [0x0000000740000000,0x000000079555f028,0x0000000795580000)
 Metaspace       used 4595K, capacity 5328K, committed 5632K, reserved 1056768K
  class space    used 436K, capacity 456K, committed 512K, reserved 1048576K
}
Event: 18.488 GC heap before
{Heap before GC invocations=36 (full 22):
 PSYoungGen      total 465920K, used 232960K [0x0000000795580000, 0x00000007c0000000, 0x00000007c0000000)
  eden space 232960K, 100% used [0x0000000795580000,0x00000007a3900000,0x00000007a3900000)
  from space 232960K, 0% used [0x00000007b1c80000,0x00000007b1c80000,0x00000007c0000000)
  to   space 232960K, 0% used [0x00000007a3900000,0x00000007a3900000,0x00000007b1c80000)
 ParOldGen       total 1398272K, used 1398140K [0x0000000740000000, 0x0000000795580000, 0x0000000795580000)
  object space 1398272K, 99% used [0x0000000740000000,0x000000079555f028,0x0000000795580000)
 Metaspace       used 4595K, capacity 5328K, committed 5632K, reserved 1056768K
  class space    used 436K, capacity 456K, committed 512K, reserved 1048576K
Event: 18.836 GC heap after
Heap after GC invocations=36 (full 22):
 PSYoungGen      total 465920K, used 232959K [0x0000000795580000, 0x00000007c0000000, 0x00000007c0000000)
  eden space 232960K, 99% used [0x0000000795580000,0x00000007a38fff70,0x00000007a3900000)
  from space 232960K, 0% used [0x00000007b1c80000,0x00000007b1c80000,0x00000007c0000000)
  to   space 232960K, 0% used [0x00000007a3900000,0x00000007a3900000,0x00000007b1c80000)
 ParOldGen       total 1398272K, used 1398140K [0x0000000740000000, 0x0000000795580000, 0x0000000795580000)
  object space 1398272K, 99% used [0x0000000740000000,0x000000079555f028,0x0000000795580000)
 Metaspace       used 4595K, capacity 5328K, committed 5632K, reserved 1056768K
  class space    used 436K, capacity 456K, committed 512K, reserved 1048576K
}
Event: 18.836 GC heap before
{Heap before GC invocations=37 (full 23):
 PSYoungGen      total 465920K, used 232960K [0x0000000795580000, 0x00000007c0000000, 0x00000007c0000000)
  eden space 232960K, 100% used [0x0000000795580000,0x00000007a3900000,0x00000007a3900000)
  from space 232960K, 0% used [0x00000007b1c80000,0x00000007b1c80000,0x00000007c0000000)
  to   space 232960K, 0% used [0x00000007a3900000,0x00000007a3900000,0x00000007b1c80000)
 ParOldGen       total 1398272K, used 1398166K [0x0000000740000000, 0x0000000795580000, 0x0000000795580000)
  object space 1398272K, 99% used [0x0000000740000000,0x00000007955659a8,0x0000000795580000)
 Metaspace       used 4595K, capacity 5328K, committed 5632K, reserved 1056768K
  class space    used 436K, capacity 456K, committed 512K, reserved 1048576K
Event: 19.350 GC heap after
Heap after GC invocations=37 (full 23):
 PSYoungGen      total 465920K, used 232959K [0x0000000795580000, 0x00000007c0000000, 0x00000007c0000000)
  eden space 232960K, 99% used [0x0000000795580000,0x00000007a38fff70,0x00000007a3900000)
  from space 232960K, 0% used [0x00000007b1c80000,0x00000007b1c80000,0x00000007c0000000)
  to   space 232960K, 0% used [0x00000007a3900000,0x00000007a3900000,0x00000007b1c80000)
 ParOldGen       total 1398272K, used 1398154K [0x0000000740000000, 0x0000000795580000, 0x0000000795580000)
  object space 1398272K, 99% used [0x0000000740000000,0x00000007955628e0,0x0000000795580000)
 Metaspace       used 4595K, capacity 5328K, committed 5632K, reserved 1056768K
  class space    used 436K, capacity 456K, committed 512K, reserved 1048576K
}
Event: 19.350 GC heap before
{Heap before GC invocations=38 (full 24):
 PSYoungGen      total 465920K, used 232960K [0x0000000795580000, 0x00000007c0000000, 0x00000007c0000000)
  eden space 232960K, 100% used [0x0000000795580000,0x00000007a3900000,0x00000007a3900000)
  from space 232960K, 0% used [0x00000007b1c80000,0x00000007b1c80000,0x00000007c0000000)
  to   space 232960K, 0% used [0x00000007a3900000,0x00000007a3900000,0x00000007b1c80000)
 ParOldGen       total 1398272K, used 1398154K [0x0000000740000000, 0x0000000795580000, 0x0000000795580000)
  object space 1398272K, 99% used [0x0000000740000000,0x00000007955628e0,0x0000000795580000)
 Metaspace       used 4595K, capacity 5328K, committed 5632K, reserved 1056768K
  class space    used 436K, capacity 456K, committed 512K, reserved 1048576K
Event: 19.754 GC heap after
Heap after GC invocations=38 (full 24):
 PSYoungGen      total 465920K, used 232959K [0x0000000795580000, 0x00000007c0000000, 0x00000007c0000000)
  eden space 232960K, 99% used [0x0000000795580000,0x00000007a38fffe0,0x00000007a3900000)
  from space 232960K, 0% used [0x00000007b1c80000,0x00000007b1c80000,0x00000007c0000000)
  to   space 232960K, 0% used [0x00000007a3900000,0x00000007a3900000,0x00000007b1c80000)
 ParOldGen       total 1398272K, used 1398154K [0x0000000740000000, 0x0000000795580000, 0x0000000795580000)
  object space 1398272K, 99% used [0x0000000740000000,0x00000007955628e0,0x0000000795580000)
 Metaspace       used 4595K, capacity 5328K, committed 5632K, reserved 1056768K
  class space    used 436K, capacity 456K, committed 512K, reserved 1048576K
}
Event: 19.755 GC heap before
{Heap before GC invocations=39 (full 25):
 PSYoungGen      total 465920K, used 232960K [0x0000000795580000, 0x00000007c0000000, 0x00000007c0000000)
  eden space 232960K, 100% used [0x0000000795580000,0x00000007a3900000,0x00000007a3900000)
  from space 232960K, 0% used [0x00000007b1c80000,0x00000007b1c80000,0x00000007c0000000)
  to   space 232960K, 0% used [0x00000007a3900000,0x00000007a3900000,0x00000007b1c80000)
 ParOldGen       total 1398272K, used 1398180K [0x0000000740000000, 0x0000000795580000, 0x0000000795580000)
  object space 1398272K, 99% used [0x0000000740000000,0x00000007955692a8,0x0000000795580000)
 Metaspace       used 4595K, capacity 5328K, committed 5632K, reserved 1056768K
  class space    used 436K, capacity 456K, committed 512K, reserved 1048576K
Event: 20.316 GC heap after
Heap after GC invocations=39 (full 25):
 PSYoungGen      total 465920K, used 232959K [0x0000000795580000, 0x00000007c0000000, 0x00000007c0000000)
  eden space 232960K, 99% used [0x0000000795580000,0x00000007a38fffe0,0x00000007a3900000)
  from space 232960K, 0% used [0x00000007b1c80000,0x00000007b1c80000,0x00000007c0000000)
  to   space 232960K, 0% used [0x00000007a3900000,0x00000007a3900000,0x00000007b1c80000)
 ParOldGen       total 1398272K, used 1398168K [0x0000000740000000, 0x0000000795580000, 0x0000000795580000)
  object space 1398272K, 99% used [0x0000000740000000,0x00000007955661c8,0x0000000795580000)
 Metaspace       used 4595K, capacity 5328K, committed 5632K, reserved 1056768K
  class space    used 436K, capacity 456K, committed 512K, reserved 1048576K
}
Event: 20.317 GC heap before
{Heap before GC invocations=40 (full 26):
 PSYoungGen      total 465920K, used 232960K [0x0000000795580000, 0x00000007c0000000, 0x00000007c0000000)
  eden space 232960K, 100% used [0x0000000795580000,0x00000007a3900000,0x00000007a3900000)
  from space 232960K, 0% used [0x00000007b1c80000,0x00000007b1c80000,0x00000007c0000000)
  to   space 232960K, 0% used [0x00000007a3900000,0x00000007a3900000,0x00000007b1c80000)
 ParOldGen       total 1398272K, used 1398254K [0x0000000740000000, 0x0000000795580000, 0x0000000795580000)
  object space 1398272K, 99% used [0x0000000740000000,0x000000079557ba68,0x0000000795580000)
 Metaspace       used 4595K, capacity 5328K, committed 5632K, reserved 1056768K
  class space    used 436K, capacity 456K, committed 512K, reserved 1048576K

Deoptimization events (10 events):
Event: 0.618 Thread 0x00007fac4480f000 Uncommon trap: reason=unstable_if action=reinterpret pc=0x000000010f81d4e0 method=java.util.HashMap.putVal(ILjava/lang/Object;Ljava/lang/Object;ZZ)Ljava/lang/Object; @ 181
Event: 0.618 Thread 0x00007fac4480f000 Uncommon trap: reason=unstable_if action=reinterpret pc=0x000000010f830bc0 method=java.util.HashMap.putVal(ILjava/lang/Object;Ljava/lang/Object;ZZ)Ljava/lang/Object; @ 181
Event: 0.619 Thread 0x00007fac4480f000 Uncommon trap: reason=unstable_if action=reinterpret pc=0x000000010f7cb9f4 method=org.apache.pdfbox.io.ScratchFileBuffer.seek(J)V @ 96
Event: 0.620 Thread 0x00007fac4480f000 Uncommon trap: reason=unstable_if action=reinterpret pc=0x000000010f82351c method=java.util.HashMap.getNode(ILjava/lang/Object;)Ljava/util/HashMap$Node; @ 129
Event: 0.665 Thread 0x00007fac4480f000 Uncommon trap: reason=class_check action=maybe_recompile pc=0x000000010f7a765c method=java.util.regex.Pattern$BmpCharProperty.match(Ljava/util/regex/Matcher;ILjava/lang/CharSequence;)Z @ 31
Event: 0.755 Thread 0x00007fac4480f000 Uncommon trap: reason=class_check action=maybe_recompile pc=0x000000010f7a765c method=java.util.regex.Pattern$BmpCharProperty.match(Ljava/util/regex/Matcher;ILjava/lang/CharSequence;)Z @ 31
Event: 0.844 Thread 0x00007fac4480f000 Uncommon trap: reason=class_check action=maybe_recompile pc=0x000000010f7a765c method=java.util.regex.Pattern$BmpCharProperty.match(Ljava/util/regex/Matcher;ILjava/lang/CharSequence;)Z @ 31
Event: 0.929 Thread 0x00007fac4480f000 Uncommon trap: reason=class_check action=maybe_recompile pc=0x000000010f7a765c method=java.util.regex.Pattern$BmpCharProperty.match(Ljava/util/regex/Matcher;ILjava/lang/CharSequence;)Z @ 31
Event: 10.560 Thread 0x00007fac4480f000 Uncommon trap: reason=unstable_if action=reinterpret pc=0x000000010f972500 method=java.util.BitSet.recalculateWordsInUse()V @ 19
Event: 10.560 Thread 0x00007fac4480f000 Uncommon trap: reason=unstable_if action=reinterpret pc=0x000000010f941dd4 method=java.util.BitSet.nextSetBit(I)I @ 45

Internal exceptions (7 events):
Event: 0.115 Thread 0x00007fac4480f000 Exception <a 'java/lang/NoSuchMethodError': Method sun.misc.Unsafe.defineClass(Ljava/lang/String;[BII)Ljava/lang/Class; name or signature does not match> (0x0000000795587cc0) thrown at [/HUDSON3/workspace/8-2-build-macosx-x86_64/jdk8u101/7261/hotspot/src/
Event: 0.115 Thread 0x00007fac4480f000 Exception <a 'java/lang/NoSuchMethodError': Method sun.misc.Unsafe.prefetchRead(Ljava/lang/Object;J)V name or signature does not match> (0x0000000795587fa8) thrown at [/HUDSON3/workspace/8-2-build-macosx-x86_64/jdk8u101/7261/hotspot/src/share/vm/prims/jni
Event: 0.414 Thread 0x00007fac4480f000 Exception <a 'java/security/PrivilegedActionException'> (0x0000000795d25e70) thrown at [/HUDSON3/workspace/8-2-build-macosx-x86_64/jdk8u101/7261/hotspot/src/share/vm/prims/jvm.cpp, line 1386]
Event: 0.414 Thread 0x00007fac4480f000 Exception <a 'java/security/PrivilegedActionException'> (0x0000000795d26080) thrown at [/HUDSON3/workspace/8-2-build-macosx-x86_64/jdk8u101/7261/hotspot/src/share/vm/prims/jvm.cpp, line 1386]
Event: 0.414 Thread 0x00007fac4480f000 Exception <a 'java/security/PrivilegedActionException'> (0x0000000795d29388) thrown at [/HUDSON3/workspace/8-2-build-macosx-x86_64/jdk8u101/7261/hotspot/src/share/vm/prims/jvm.cpp, line 1386]
Event: 0.414 Thread 0x00007fac4480f000 Exception <a 'java/security/PrivilegedActionException'> (0x0000000795d29598) thrown at [/HUDSON3/workspace/8-2-build-macosx-x86_64/jdk8u101/7261/hotspot/src/share/vm/prims/jvm.cpp, line 1386]
Event: 0.422 Thread 0x00007fac4480f000 Exception <a 'java/lang/NoClassDefFoundError': org/apache/log4j/Priority> (0x0000000795d4fb20) thrown at [/HUDSON3/workspace/8-2-build-macosx-x86_64/jdk8u101/7261/hotspot/src/share/vm/classfile/systemDictionary.cpp, line 199]

Events (10 events):
Event: 18.487 Executing VM operation: ParallelGCFailedAllocation done
Event: 18.488 Executing VM operation: ParallelGCFailedAllocation
Event: 18.836 Executing VM operation: ParallelGCFailedAllocation done
Event: 18.836 Executing VM operation: ParallelGCFailedAllocation
Event: 19.350 Executing VM operation: ParallelGCFailedAllocation done
Event: 19.350 Executing VM operation: ParallelGCFailedAllocation
Event: 19.754 Executing VM operation: ParallelGCFailedAllocation done
Event: 19.755 Executing VM operation: ParallelGCFailedAllocation
Event: 20.316 Executing VM operation: ParallelGCFailedAllocation done
Event: 20.317 Executing VM operation: ParallelGCFailedAllocation


Dynamic libraries:
0x000000002fc31000 	/System/Library/Frameworks/Cocoa.framework/Versions/A/Cocoa
0x000000002fc31000 	/System/Library/Frameworks/Security.framework/Versions/A/Security
0x000000002fc31000 	/System/Library/Frameworks/ApplicationServices.framework/Versions/A/ApplicationServices
0x000000002fc31000 	/usr/lib/libz.1.dylib
0x000000002fc31000 	/usr/lib/libSystem.B.dylib
0x000000002fc31000 	/usr/lib/libobjc.A.dylib
0x000000002fc31000 	/System/Library/Frameworks/CoreFoundation.framework/Versions/A/CoreFoundation
0x000000002fc31000 	/System/Library/Frameworks/Foundation.framework/Versions/C/Foundation
0x000000002fc31000 	/System/Library/Frameworks/AppKit.framework/Versions/C/AppKit
0x000000002fc31000 	/System/Library/Frameworks/CoreData.framework/Versions/A/CoreData
0x000000002fc31000 	/System/Library/PrivateFrameworks/RemoteViewServices.framework/Versions/A/RemoteViewServices
0x000000002fc31000 	/System/Library/PrivateFrameworks/UIFoundation.framework/Versions/A/UIFoundation
0x000000002fc31000 	/System/Library/PrivateFrameworks/DFRFoundation.framework/Versions/A/DFRFoundation
0x000000002fc31000 	/usr/lib/libenergytrace.dylib
0x000000002fc31000 	/System/Library/PrivateFrameworks/SkyLight.framework/Versions/A/SkyLight
0x000000002fc31000 	/System/Library/Frameworks/CoreGraphics.framework/Versions/A/CoreGraphics
0x000000002fc31000 	/usr/lib/libScreenReader.dylib
0x000000002fc31000 	/System/Library/Frameworks/Accelerate.framework/Versions/A/Accelerate
0x000000002fc31000 	/System/Library/Frameworks/IOSurface.framework/Versions/A/IOSurface
0x000000002fc31000 	/System/Library/Frameworks/AudioToolbox.framework/Versions/A/AudioToolbox
0x000000002fc31000 	/System/Library/Frameworks/AudioUnit.framework/Versions/A/AudioUnit
0x000000002fc31000 	/System/Library/PrivateFrameworks/DataDetectorsCore.framework/Versions/A/DataDetectorsCore
0x000000002fc31000 	/System/Library/PrivateFrameworks/DesktopServicesPriv.framework/Versions/A/DesktopServicesPriv
0x000000002fc31000 	/System/Library/Frameworks/Carbon.framework/Versions/A/Frameworks/HIToolbox.framework/Versions/A/HIToolbox
0x000000002fc31000 	/usr/lib/libicucore.A.dylib
0x000000002fc31000 	/System/Library/Frameworks/QuartzCore.framework/Versions/A/QuartzCore
0x000000002fc31000 	/System/Library/Frameworks/Carbon.framework/Versions/A/Frameworks/SpeechRecognition.framework/Versions/A/SpeechRecognition
0x000000002fc31000 	/usr/lib/libauto.dylib
0x000000002fc31000 	/usr/lib/libxml2.2.dylib
0x000000002fc31000 	/System/Library/PrivateFrameworks/CoreUI.framework/Versions/A/CoreUI
0x000000002fc31000 	/System/Library/Frameworks/CoreAudio.framework/Versions/A/CoreAudio
0x000000002fc31000 	/System/Library/Frameworks/DiskArbitration.framework/Versions/A/DiskArbitration
0x000000002fc31000 	/usr/lib/liblangid.dylib
0x000000002fc31000 	/System/Library/PrivateFrameworks/MultitouchSupport.framework/Versions/A/MultitouchSupport
0x000000002fc31000 	/System/Library/Frameworks/IOKit.framework/Versions/A/IOKit
0x000000002fc31000 	/usr/lib/libDiagnosticMessagesClient.dylib
0x000000002fc31000 	/System/Library/Frameworks/CoreServices.framework/Versions/A/CoreServices
0x000000002fc31000 	/System/Library/PrivateFrameworks/PerformanceAnalysis.framework/Versions/A/PerformanceAnalysis
0x000000002fc31000 	/System/Library/PrivateFrameworks/GenerationalStorage.framework/Versions/A/GenerationalStorage
0x000000002fc31000 	/System/Library/Frameworks/OpenGL.framework/Versions/A/OpenGL
0x000000002fc31000 	/System/Library/Frameworks/CoreImage.framework/Versions/A/CoreImage
0x000000002fc31000 	/System/Library/Frameworks/CoreText.framework/Versions/A/CoreText
0x000000002fc31000 	/System/Library/Frameworks/ImageIO.framework/Versions/A/ImageIO
0x000000002fc31000 	/System/Library/PrivateFrameworks/Backup.framework/Versions/A/Backup
0x000000002fc31000 	/usr/lib/libarchive.2.dylib
0x000000002fc31000 	/System/Library/Frameworks/CFNetwork.framework/Versions/A/CFNetwork
0x000000002fc31000 	/System/Library/Frameworks/SystemConfiguration.framework/Versions/A/SystemConfiguration
0x000000002fc31000 	/usr/lib/libCRFSuite.dylib
0x000000002fc31000 	/usr/lib/libc++.1.dylib
0x000000002fc31000 	/usr/lib/libc++abi.dylib
0x000000002fc31000 	/usr/lib/system/libcache.dylib
0x000000002fc31000 	/usr/lib/system/libcommonCrypto.dylib
0x000000002fc31000 	/usr/lib/system/libcompiler_rt.dylib
0x000000002fc31000 	/usr/lib/system/libcopyfile.dylib
0x000000002fc31000 	/usr/lib/system/libcorecrypto.dylib
0x000000002fc31000 	/usr/lib/system/libdispatch.dylib
0x000000002fc31000 	/usr/lib/system/libdyld.dylib
0x000000002fc31000 	/usr/lib/system/libkeymgr.dylib
0x000000002fc31000 	/usr/lib/system/liblaunch.dylib
0x000000002fc31000 	/usr/lib/system/libmacho.dylib
0x000000002fc31000 	/usr/lib/system/libquarantine.dylib
0x000000002fc31000 	/usr/lib/system/libremovefile.dylib
0x000000002fc31000 	/usr/lib/system/libsystem_asl.dylib
0x000000002fc31000 	/usr/lib/system/libsystem_blocks.dylib
0x000000002fc31000 	/usr/lib/system/libsystem_c.dylib
0x000000002fc31000 	/usr/lib/system/libsystem_configuration.dylib
0x000000002fc31000 	/usr/lib/system/libsystem_coreservices.dylib
0x000000002fc31000 	/usr/lib/system/libsystem_coretls.dylib
0x000000002fc31000 	/usr/lib/system/libsystem_dnssd.dylib
0x000000002fc31000 	/usr/lib/system/libsystem_info.dylib
0x000000002fc31000 	/usr/lib/system/libsystem_kernel.dylib
0x000000002fc31000 	/usr/lib/system/libsystem_m.dylib
0x000000002fc31000 	/usr/lib/system/libsystem_malloc.dylib
0x000000002fc31000 	/usr/lib/system/libsystem_network.dylib
0x000000002fc31000 	/usr/lib/system/libsystem_networkextension.dylib
0x000000002fc31000 	/usr/lib/system/libsystem_notify.dylib
0x000000002fc31000 	/usr/lib/system/libsystem_platform.dylib
0x000000002fc31000 	/usr/lib/system/libsystem_pthread.dylib
0x000000002fc31000 	/usr/lib/system/libsystem_sandbox.dylib
0x000000002fc31000 	/usr/lib/system/libsystem_secinit.dylib
0x000000002fc31000 	/usr/lib/system/libsystem_symptoms.dylib
0x000000002fc31000 	/usr/lib/system/libsystem_trace.dylib
0x000000002fc31000 	/usr/lib/system/libunwind.dylib
0x000000002fc31000 	/usr/lib/system/libxpc.dylib
0x000000002fc31000 	/usr/lib/libbsm.0.dylib
0x000000002fc31000 	/usr/lib/system/libkxld.dylib
0x000000002fc31000 	/usr/lib/libcoretls.dylib
0x000000002fc31000 	/usr/lib/libcoretls_cfhelpers.dylib
0x000000002fc31000 	/usr/lib/libOpenScriptingUtil.dylib
0x000000002fc31000 	/usr/lib/libpam.2.dylib
0x000000002fc31000 	/usr/lib/libsqlite3.dylib
0x000000002fc31000 	/usr/lib/libxar.1.dylib
0x000000002fc31000 	/usr/lib/libbz2.1.0.dylib
0x000000002fc31000 	/usr/lib/liblzma.5.dylib
0x000000002fc31000 	/usr/lib/libnetwork.dylib
0x000000002fc31000 	/usr/lib/libpcap.A.dylib
0x000000002fc31000 	/System/Library/Frameworks/CoreServices.framework/Versions/A/Frameworks/FSEvents.framework/Versions/A/FSEvents
0x000000002fc31000 	/System/Library/Frameworks/CoreServices.framework/Versions/A/Frameworks/CarbonCore.framework/Versions/A/CarbonCore
0x000000002fc31000 	/System/Library/Frameworks/CoreServices.framework/Versions/A/Frameworks/Metadata.framework/Versions/A/Metadata
0x000000002fc31000 	/System/Library/Frameworks/CoreServices.framework/Versions/A/Frameworks/OSServices.framework/Versions/A/OSServices
0x000000002fc31000 	/System/Library/Frameworks/CoreServices.framework/Versions/A/Frameworks/SearchKit.framework/Versions/A/SearchKit
0x000000002fc31000 	/System/Library/Frameworks/CoreServices.framework/Versions/A/Frameworks/AE.framework/Versions/A/AE
0x000000002fc31000 	/System/Library/Frameworks/CoreServices.framework/Versions/A/Frameworks/LaunchServices.framework/Versions/A/LaunchServices
0x000000002fc31000 	/System/Library/Frameworks/CoreServices.framework/Versions/A/Frameworks/DictionaryServices.framework/Versions/A/DictionaryServices
0x000000002fc31000 	/System/Library/Frameworks/CoreServices.framework/Versions/A/Frameworks/SharedFileList.framework/Versions/A/SharedFileList
0x000000002fc31000 	/System/Library/Frameworks/NetFS.framework/Versions/A/NetFS
0x000000002fc31000 	/System/Library/PrivateFrameworks/NetAuth.framework/Versions/A/NetAuth
0x000000002fc31000 	/System/Library/PrivateFrameworks/login.framework/Versions/A/Frameworks/loginsupport.framework/Versions/A/loginsupport
0x000000002fc31000 	/System/Library/PrivateFrameworks/TCC.framework/Versions/A/TCC
0x000000002fc31000 	/usr/lib/libmecabra.dylib
0x000000002fc31000 	/System/Library/Frameworks/ApplicationServices.framework/Versions/A/Frameworks/ATS.framework/Versions/A/ATS
0x000000002fc31000 	/System/Library/Frameworks/ApplicationServices.framework/Versions/A/Frameworks/ColorSync.framework/Versions/A/ColorSync
0x000000002fc31000 	/System/Library/Frameworks/ApplicationServices.framework/Versions/A/Frameworks/HIServices.framework/Versions/A/HIServices
0x000000002fc31000 	/System/Library/Frameworks/ApplicationServices.framework/Versions/A/Frameworks/LangAnalysis.framework/Versions/A/LangAnalysis
0x000000002fc31000 	/System/Library/Frameworks/ApplicationServices.framework/Versions/A/Frameworks/PrintCore.framework/Versions/A/PrintCore
0x000000002fc31000 	/System/Library/Frameworks/ApplicationServices.framework/Versions/A/Frameworks/QD.framework/Versions/A/QD
0x000000002fc31000 	/System/Library/Frameworks/ApplicationServices.framework/Versions/A/Frameworks/SpeechSynthesis.framework/Versions/A/SpeechSynthesis
0x000000002fc31000 	/System/Library/Frameworks/Accelerate.framework/Versions/A/Frameworks/vImage.framework/Versions/A/vImage
0x000000002fc31000 	/System/Library/Frameworks/Accelerate.framework/Versions/A/Frameworks/vecLib.framework/Versions/A/vecLib
0x000000002fc31000 	/System/Library/Frameworks/Accelerate.framework/Versions/A/Frameworks/vecLib.framework/Versions/A/libvDSP.dylib
0x000000002fc31000 	/System/Library/Frameworks/Accelerate.framework/Versions/A/Frameworks/vecLib.framework/Versions/A/libBNNS.dylib
0x000000002fc31000 	/System/Library/Frameworks/Accelerate.framework/Versions/A/Frameworks/vecLib.framework/Versions/A/libQuadrature.dylib
0x000000002fc31000 	/System/Library/Frameworks/Accelerate.framework/Versions/A/Frameworks/vecLib.framework/Versions/A/libvMisc.dylib
0x000000002fc31000 	/System/Library/Frameworks/Accelerate.framework/Versions/A/Frameworks/vecLib.framework/Versions/A/libLAPACK.dylib
0x000000002fc31000 	/System/Library/Frameworks/Accelerate.framework/Versions/A/Frameworks/vecLib.framework/Versions/A/libBLAS.dylib
0x000000002fc31000 	/System/Library/Frameworks/Accelerate.framework/Versions/A/Frameworks/vecLib.framework/Versions/A/libLinearAlgebra.dylib
0x000000002fc31000 	/System/Library/Frameworks/Accelerate.framework/Versions/A/Frameworks/vecLib.framework/Versions/A/libSparseBLAS.dylib
0x000000002fc31000 	/System/Library/Frameworks/ApplicationServices.framework/Versions/A/Frameworks/ATS.framework/Versions/A/Resources/libFontParser.dylib
0x000000002fc31000 	/System/Library/Frameworks/ApplicationServices.framework/Versions/A/Frameworks/ATS.framework/Versions/A/Resources/libFontRegistry.dylib
0x000000002fc31000 	/System/Library/Frameworks/ImageIO.framework/Versions/A/Resources/libJPEG.dylib
0x000000002fc31000 	/System/Library/Frameworks/ImageIO.framework/Versions/A/Resources/libTIFF.dylib
0x000000002fc31000 	/System/Library/Frameworks/ImageIO.framework/Versions/A/Resources/libPng.dylib
0x000000002fc31000 	/System/Library/Frameworks/ImageIO.framework/Versions/A/Resources/libGIF.dylib
0x000000002fc31000 	/System/Library/Frameworks/ImageIO.framework/Versions/A/Resources/libJP2.dylib
0x000000002fc31000 	/System/Library/Frameworks/ImageIO.framework/Versions/A/Resources/libRadiance.dylib
0x000000002fc31000 	/usr/lib/libcompression.dylib
0x000000002fc31000 	/System/Library/PrivateFrameworks/AppleJPEG.framework/Versions/A/AppleJPEG
0x000000002fc31000 	/usr/lib/libcups.2.dylib
0x000000002fc31000 	/System/Library/Frameworks/Kerberos.framework/Versions/A/Kerberos
0x000000002fc31000 	/System/Library/Frameworks/GSS.framework/Versions/A/GSS
0x000000002fc31000 	/usr/lib/libresolv.9.dylib
0x000000002fc31000 	/usr/lib/libiconv.2.dylib
0x000000002fc31000 	/System/Library/PrivateFrameworks/Heimdal.framework/Versions/A/Heimdal
0x000000002fc31000 	/usr/lib/libheimdal-asn1.dylib
0x000000002fc31000 	/System/Library/Frameworks/OpenDirectory.framework/Versions/A/OpenDirectory
0x000000002fc31000 	/System/Library/PrivateFrameworks/CommonAuth.framework/Versions/A/CommonAuth
0x000000002fc31000 	/System/Library/Frameworks/OpenDirectory.framework/Versions/A/Frameworks/CFOpenDirectory.framework/Versions/A/CFOpenDirectory
0x000000002fc31000 	/System/Library/Frameworks/SecurityFoundation.framework/Versions/A/SecurityFoundation
0x000000002fc31000 	/System/Library/PrivateFrameworks/LanguageModeling.framework/Versions/A/LanguageModeling
0x000000002fc31000 	/usr/lib/libmarisa.dylib
0x000000002fc31000 	/usr/lib/libChineseTokenizer.dylib
0x000000002fc31000 	/usr/lib/libcmph.dylib
0x000000002fc31000 	/System/Library/PrivateFrameworks/CoreEmoji.framework/Versions/A/CoreEmoji
0x000000002fc31000 	/System/Library/Frameworks/ServiceManagement.framework/Versions/A/ServiceManagement
0x000000002fc31000 	/usr/lib/libxslt.1.dylib
0x000000002fc31000 	/System/Library/Frameworks/Carbon.framework/Versions/A/Frameworks/Ink.framework/Versions/A/Ink
0x000000002fc31000 	/System/Library/PrivateFrameworks/TextureIO.framework/Versions/A/TextureIO
0x000000002fc31000 	/System/Library/Frameworks/Metal.framework/Versions/A/Metal
0x000000002fc31000 	/usr/lib/libate.dylib
0x000000002fc31000 	/System/Library/PrivateFrameworks/GPUCompiler.framework/libmetal_timestamp.dylib
0x000000002fc31000 	/System/Library/Frameworks/OpenGL.framework/Versions/A/Libraries/libCoreFSCache.dylib
0x000000002fc31000 	/System/Library/PrivateFrameworks/IOAccelerator.framework/Versions/A/IOAccelerator
0x000000002fc31000 	/System/Library/Frameworks/CoreVideo.framework/Versions/A/CoreVideo
0x000000002fc31000 	/usr/lib/libFosl_dynamic.dylib
0x000000002fc31000 	/System/Library/PrivateFrameworks/MetalPerformanceShaders.framework/Versions/A/MetalPerformanceShaders
0x000000002fc31000 	/System/Library/PrivateFrameworks/FaceCore.framework/Versions/A/FaceCore
0x000000002fc31000 	/System/Library/Frameworks/OpenCL.framework/Versions/A/OpenCL
0x000000002fc31000 	/System/Library/Frameworks/OpenGL.framework/Versions/A/Libraries/libGLU.dylib
0x000000002fc31000 	/System/Library/Frameworks/OpenGL.framework/Versions/A/Libraries/libGFXShared.dylib
0x000000002fc31000 	/System/Library/Frameworks/OpenGL.framework/Versions/A/Libraries/libGL.dylib
0x000000002fc31000 	/System/Library/Frameworks/OpenGL.framework/Versions/A/Libraries/libGLImage.dylib
0x000000002fc31000 	/System/Library/Frameworks/OpenGL.framework/Versions/A/Libraries/libCVMSPluginSupport.dylib
0x000000002fc31000 	/System/Library/Frameworks/OpenGL.framework/Versions/A/Libraries/libCoreVMClient.dylib
0x000000002fc31000 	/System/Library/PrivateFrameworks/CrashReporterSupport.framework/Versions/A/CrashReporterSupport
0x000000002fc31000 	/System/Library/PrivateFrameworks/Sharing.framework/Versions/A/Sharing
0x000000002fc31000 	/System/Library/PrivateFrameworks/IconServices.framework/Versions/A/IconServices
0x000000002fc31000 	/System/Library/PrivateFrameworks/ProtocolBuffer.framework/Versions/A/ProtocolBuffer
0x000000002fc31000 	/System/Library/PrivateFrameworks/Apple80211.framework/Versions/A/Apple80211
0x000000002fc31000 	/System/Library/Frameworks/CoreWLAN.framework/Versions/A/CoreWLAN
0x000000002fc31000 	/System/Library/PrivateFrameworks/CoreUtils.framework/Versions/A/CoreUtils
0x000000002fc31000 	/System/Library/Frameworks/IOBluetooth.framework/Versions/A/IOBluetooth
0x000000002fc31000 	/System/Library/PrivateFrameworks/CoreWiFi.framework/Versions/A/CoreWiFi
0x000000002fc31000 	/System/Library/Frameworks/CoreBluetooth.framework/Versions/A/CoreBluetooth
0x000000002fc31000 	/System/Library/Frameworks/CoreDisplay.framework/Versions/A/CoreDisplay
0x000000002fc31000 	/System/Library/PrivateFrameworks/IOPresentment.framework/Versions/A/IOPresentment
0x000000002fc31000 	/System/Library/PrivateFrameworks/DSExternalDisplay.framework/Versions/A/DSExternalDisplay
0x000000002fc31000 	/System/Library/PrivateFrameworks/DebugSymbols.framework/Versions/A/DebugSymbols
0x000000002fc31000 	/System/Library/PrivateFrameworks/CoreSymbolication.framework/Versions/A/CoreSymbolication
0x000000002fc31000 	/System/Library/PrivateFrameworks/Symbolication.framework/Versions/A/Symbolication
0x000000002fc31000 	/System/Library/PrivateFrameworks/AppleFSCompression.framework/Versions/A/AppleFSCompression
0x000000002fc31000 	/System/Library/PrivateFrameworks/SpeechRecognitionCore.framework/Versions/A/SpeechRecognitionCore
0x000000002fc31000 	/System/Library/PrivateFrameworks/ChunkingLibrary.framework/Versions/A/ChunkingLibrary
0x0000000105a00000 	/Library/Java/JavaVirtualMachines/jdk1.8.0_101.jdk/Contents/Home/jre/lib/server/libjvm.dylib
0x000000002fc31000 	/usr/lib/libstdc++.6.dylib
0x00000001051c1000 	/Library/Java/JavaVirtualMachines/jdk1.8.0_101.jdk/Contents/Home/jre/lib/libverify.dylib
0x000000010699d000 	/Library/Java/JavaVirtualMachines/jdk1.8.0_101.jdk/Contents/Home/jre/lib/libjava.dylib
0x0000000106a04000 	/Library/Java/JavaVirtualMachines/jdk1.8.0_101.jdk/Contents/Home/jre/lib/libzip.dylib
0x000000010d370000 	/System/Library/Frameworks/JavaVM.framework/Frameworks/JavaRuntimeSupport.framework/JavaRuntimeSupport
0x000000010d38a000 	/System/Library/Frameworks/JavaVM.framework/Versions/A/Frameworks/JavaNativeFoundation.framework/Versions/A/JavaNativeFoundation
0x000000010d39f000 	/System/Library/Frameworks/JavaVM.framework/Versions/A/JavaVM
0x000000002fc31000 	/System/Library/Frameworks/Carbon.framework/Versions/A/Carbon
0x000000010d3ac000 	/System/Library/PrivateFrameworks/JavaLaunching.framework/Versions/A/JavaLaunching
0x000000002fc31000 	/System/Library/Frameworks/Carbon.framework/Versions/A/Frameworks/CommonPanels.framework/Versions/A/CommonPanels
0x000000002fc31000 	/System/Library/Frameworks/Carbon.framework/Versions/A/Frameworks/Help.framework/Versions/A/Help
0x000000002fc31000 	/System/Library/Frameworks/Carbon.framework/Versions/A/Frameworks/ImageCapture.framework/Versions/A/ImageCapture
0x000000002fc31000 	/System/Library/Frameworks/Carbon.framework/Versions/A/Frameworks/OpenScripting.framework/Versions/A/OpenScripting
0x000000002fc31000 	/System/Library/Frameworks/Carbon.framework/Versions/A/Frameworks/Print.framework/Versions/A/Print
0x000000002fc31000 	/System/Library/Frameworks/Carbon.framework/Versions/A/Frameworks/SecurityHI.framework/Versions/A/SecurityHI

VM Arguments:
java_command: /Users/farmoz/Desktop/MaxMuayThai/backend/Max-api/node_modules/easy-pdf-merge/jar/pdfbox.jar PDFMerger /Users/farmoz/Desktop/MaxMuayThai/backend/Max-api/src/controllers/pdf/statement.pdf /Users/farmoz/Desktop/MaxMuayThai/backend/Max-api/src/controllers/pdf/statement.pdf /Users/farmoz/Desktop/MaxMuayThai/backend/Max-api/src/controllers/pdf/statement.pdf /Users/farmoz/Desktop/MaxMuayThai/backend/Max-api/src/controllers/pdf/statement.pdf /Users/farmoz/Desktop/MaxMuayThai/backend/Max-api/src/controllers/pdf/statement.pdf /Users/farmoz/Desktop/MaxMuayThai/backend/Max-api/src/controllers/pdf/statement.pdf /Users/farmoz/Desktop/MaxMuayThai/backend/Max-api/src/controllers/pdf/statement.pdf /Users/farmoz/Desktop/MaxMuayThai/backend/Max-api/src/controllers/pdf/statement.pdf /Users/farmoz/Desktop/MaxMuayThai/backend/Max-api/src/controllers/pdf/statement.pdf /Users/farmoz/Desktop/MaxMuayThai/backend/Max-api/src/controllers/pdf/statement.pdf /Users/farmoz/Desktop/MaxMuayThai/backend/Max-api/src/controllers/pdf/statement.pdf /Users/farmoz/Desktop/MaxMuayThai/backend/Max-api/src/controllers/pdf/statement.pdf /Users/farmoz/Desktop/MaxMuayThai/backend/Max-api/src/controllers/pdf/statement.pdf /Users/farmoz/Desktop/MaxMuayThai/backend/Max-api/src/controllers/pdf/statement.pdf /Users/farmoz/Desktop/MaxMuayThai/backend/Max-api/src/controllers/pdf/statement.pdf /Users/farmoz/Desktop/MaxMuayThai/backend/Max-api/src/controllers/pdf/statement.pdf /Users/farmoz/Desktop/MaxMuayThai/backend/Max-api/src/controllers/pdf/statement.pdf /Users/farmoz/Desktop/MaxMuayThai/backend/Max-api/src/controllers/pdf/statement.pdf /Users/farmoz/Desktop/MaxMuayThai/backend/Max-api/src/controllers/pdf/statement.pdf /Users/farmoz/Desktop/MaxMuayThai/backend/Max-api/src/controllers/pdf/statement.pdf /Users/farmoz/Desktop/MaxMuayThai/backend/Max-api/src/controllers/pdf/statement.pdf /Users/farmoz/Desktop/MaxMuayThai/backend/Max-api/src/controllers/pdf/statement.pdf /Users/farmoz/Desktop/MaxMuayThai
java_class_path (initial): /Users/farmoz/Desktop/MaxMuayThai/backend/Max-api/node_modules/easy-pdf-merge/jar/pdfbox.jar
Launcher Type: SUN_STANDARD

Environment Variables:
PATH=/Users/farmoz/Desktop/MaxMuayThai/backend/Max-api/node_modules/.bin:/Users/farmoz/.config/yarn/link/node_modules/.bin:/Users/farmoz/Desktop/MaxMuayThai/backend/Max-api/node_modules/.bin:/Users/farmoz/.config/yarn/link/node_modules/.bin:/usr/local/lib/node_modules/yarn/bin/node-gyp-bin:/usr/local/bin:/usr/bin:/bin:/usr/sbin:/sbin
SHELL=/bin/zsh

Signal Handlers:
SIGSEGV: [libjvm.dylib+0x5af145], sa_mask[0]=11111111011111110111111111111111, sa_flags=SA_ONSTACK|SA_RESTART|SA_SIGINFO
SIGBUS: [libjvm.dylib+0x5af145], sa_mask[0]=11111111011111110111111111111111, sa_flags=SA_RESTART|SA_SIGINFO
SIGFPE: [libjvm.dylib+0x48694c], sa_mask[0]=11111111011111110111111111111111, sa_flags=SA_RESTART|SA_SIGINFO
SIGPIPE: [libjvm.dylib+0x48694c], sa_mask[0]=11111111011111110111111111111111, sa_flags=SA_RESTART|SA_SIGINFO
SIGXFSZ: [libjvm.dylib+0x48694c], sa_mask[0]=11111111011111110111111111111111, sa_flags=SA_RESTART|SA_SIGINFO
SIGILL: [libjvm.dylib+0x48694c], sa_mask[0]=11111111011111110111111111111111, sa_flags=SA_RESTART|SA_SIGINFO
SIGUSR1: SIG_DFL, sa_mask[0]=00000000000000000000000000000000, sa_flags=SA_RESTART
SIGUSR2: [libjvm.dylib+0x48646a], sa_mask[0]=00000000000000000000000000000000, sa_flags=SA_RESTART|SA_SIGINFO
SIGHUP: [libjvm.dylib+0x484a41], sa_mask[0]=11111111011111110111111111111111, sa_flags=SA_RESTART|SA_SIGINFO
SIGINT: [libjvm.dylib+0x484a41], sa_mask[0]=11111111011111110111111111111111, sa_flags=SA_RESTART|SA_SIGINFO
SIGTERM: [libjvm.dylib+0x484a41], sa_mask[0]=11111111011111110111111111111111, sa_flags=SA_RESTART|SA_SIGINFO
SIGQUIT: [libjvm.dylib+0x484a41], sa_mask[0]=11111111011111110111111111111111, sa_flags=SA_RESTART|SA_SIGINFO


---------------  S Y S T E M  ---------------

OS:Bsduname:Darwin 16.7.0 Darwin Kernel Version 16.7.0: Thu Jun 15 17:36:27 PDT 2017; root:xnu-3789.70.16~2/RELEASE_X86_64 x86_64
rlimit: STACK 8192k, CORE 0k, NPROC 709, NOFILE 10240, AS infinity
load average:3.74 2.58 2.38

CPU:total 4 (2 cores per cpu, 2 threads per core) family 6 model 61 stepping 4, cmov, cx8, fxsr, mmx, sse, sse2, sse3, ssse3, sse4.1, sse4.2, popcnt, avx, avx2, aes, clmul, erms, 3dnowpref, lzcnt, ht, tsc, tscinvbit, bmi1, bmi2, adx

Memory: 4k page, physical 8388608k(128456k free)

/proc/meminfo:


vm_info: Java HotSpot(TM) 64-Bit Server VM (25.101-b13) for bsd-amd64 JRE (1.8.0_101-b13), built on Jun 22 2016 02:42:15 by "java_re" with gcc 4.2.1 (Based on Apple Inc. build 5658) (LLVM build 2336.11.00)

time: Tue May 15 13:30:33 2018
elapsed time: 20 seconds (0d 0h 0m 20s)

